{"/Users/ashutos/Desktop/demo/expo-env.d.ts": {"path":"/Users/ashutos/Desktop/demo/expo-env.d.ts","statementMap":{},"fnMap":{},"branchMap":{},"s":{},"f":{},"b":{}}
,"/Users/ashutos/Desktop/demo/firebaseConfig.ts": {"path":"/Users/ashutos/Desktop/demo/firebaseConfig.ts","statementMap":{"0":{"start":{"line":5,"column":23},"end":{"line":12,"column":1}},"1":{"start":{"line":14,"column":12},"end":{"line":14,"column":41}},"2":{"start":{"line":15,"column":18},"end":{"line":15,"column":35}}},"fnMap":{},"branchMap":{},"s":{"0":0,"1":0,"2":0},"f":{},"b":{}}
,"/Users/ashutos/Desktop/demo/.expo/types/router.d.ts": {"path":"/Users/ashutos/Desktop/demo/.expo/types/router.d.ts","statementMap":{},"fnMap":{},"branchMap":{},"s":{},"f":{},"b":{}}
,"/Users/ashutos/Desktop/demo/app/+not-found.tsx": {"path":"/Users/ashutos/Desktop/demo/app/+not-found.tsx","statementMap":{"0":{"start":{"line":8,"column":2},"end":{"line":18,"column":4}},"1":{"start":{"line":21,"column":15},"end":{"line":32,"column":2}}},"fnMap":{"0":{"name":"NotFoundScreen","decl":{"start":{"line":7,"column":24},"end":{"line":7,"column":38}},"loc":{"start":{"line":7,"column":41},"end":{"line":19,"column":1}},"line":7}},"branchMap":{},"s":{"0":0,"1":0},"f":{"0":0},"b":{}}
,"/Users/ashutos/Desktop/demo/app/_layout.tsx": {"path":"/Users/ashutos/Desktop/demo/app/_layout.tsx","statementMap":{"0":{"start":{"line":16,"column":0},"end":{"line":16,"column":36}},"1":{"start":{"line":19,"column":22},"end":{"line":19,"column":38}},"2":{"start":{"line":20,"column":19},"end":{"line":22,"column":4}},"3":{"start":{"line":24,"column":2},"end":{"line":28,"column":15}},"4":{"start":{"line":25,"column":4},"end":{"line":27,"column":5}},"5":{"start":{"line":26,"column":6},"end":{"line":26,"column":31}},"6":{"start":{"line":30,"column":2},"end":{"line":32,"column":3}},"7":{"start":{"line":31,"column":4},"end":{"line":31,"column":16}},"8":{"start":{"line":34,"column":2},"end":{"line":42,"column":4}}},"fnMap":{"0":{"name":"RootLayout","decl":{"start":{"line":18,"column":24},"end":{"line":18,"column":34}},"loc":{"start":{"line":18,"column":37},"end":{"line":43,"column":1}},"line":18},"1":{"name":"(anonymous_1)","decl":{"start":{"line":24,"column":12},"end":{"line":24,"column":13}},"loc":{"start":{"line":24,"column":18},"end":{"line":28,"column":3}},"line":24}},"branchMap":{"0":{"loc":{"start":{"line":25,"column":4},"end":{"line":27,"column":5}},"type":"if","locations":[{"start":{"line":25,"column":4},"end":{"line":27,"column":5}},{"start":{},"end":{}}],"line":25},"1":{"loc":{"start":{"line":30,"column":2},"end":{"line":32,"column":3}},"type":"if","locations":[{"start":{"line":30,"column":2},"end":{"line":32,"column":3}},{"start":{},"end":{}}],"line":30},"2":{"loc":{"start":{"line":35,"column":26},"end":{"line":35,"column":75}},"type":"cond-expr","locations":[{"start":{"line":35,"column":51},"end":{"line":35,"column":60}},{"start":{"line":35,"column":63},"end":{"line":35,"column":75}}],"line":35}},"s":{"0":0,"1":0,"2":0,"3":0,"4":0,"5":0,"6":0,"7":0,"8":0},"f":{"0":0,"1":0},"b":{"0":[0,0],"1":[0,0],"2":[0,0]}}
,"/Users/ashutos/Desktop/demo/app/(tabs)/_layout.tsx": {"path":"/Users/ashutos/Desktop/demo/app/(tabs)/_layout.tsx","statementMap":{"0":{"start":{"line":12,"column":22},"end":{"line":12,"column":38}},"1":{"start":{"line":14,"column":2},"end":{"line":49,"column":4}},"2":{"start":{"line":35,"column":12},"end":{"line":35,"column":77}},"3":{"start":{"line":44,"column":12},"end":{"line":44,"column":71}}},"fnMap":{"0":{"name":"TabLayout","decl":{"start":{"line":11,"column":24},"end":{"line":11,"column":33}},"loc":{"start":{"line":11,"column":36},"end":{"line":50,"column":1}},"line":11},"1":{"name":"(anonymous_1)","decl":{"start":{"line":34,"column":22},"end":{"line":34,"column":23}},"loc":{"start":{"line":35,"column":12},"end":{"line":35,"column":77}},"line":35},"2":{"name":"(anonymous_2)","decl":{"start":{"line":43,"column":22},"end":{"line":43,"column":23}},"loc":{"start":{"line":44,"column":12},"end":{"line":44,"column":71}},"line":44}},"branchMap":{"0":{"loc":{"start":{"line":17,"column":38},"end":{"line":17,"column":60}},"type":"binary-expr","locations":[{"start":{"line":17,"column":38},"end":{"line":17,"column":49}},{"start":{"line":17,"column":53},"end":{"line":17,"column":60}}],"line":17}},"s":{"0":0,"1":0,"2":0,"3":0},"f":{"0":0,"1":0,"2":0},"b":{"0":[0,0]}}
,"/Users/ashutos/Desktop/demo/app/(tabs)/add.tsx": {"path":"/Users/ashutos/Desktop/demo/app/(tabs)/add.tsx","statementMap":{"0":{"start":{"line":26,"column":0},"end":{"line":30,"column":3}},"1":{"start":{"line":32,"column":11},"end":{"line":32,"column":23}},"2":{"start":{"line":34,"column":23},"end":{"line":42,"column":1}},"3":{"start":{"line":35,"column":17},"end":{"line":39,"column":3}},"4":{"start":{"line":41,"column":2},"end":{"line":41,"column":37}},"5":{"start":{"line":53,"column":34},"end":{"line":59,"column":4}},"6":{"start":{"line":60,"column":26},"end":{"line":60,"column":50}},"7":{"start":{"line":61,"column":28},"end":{"line":61,"column":57}},"8":{"start":{"line":62,"column":40},"end":{"line":62,"column":64}},"9":{"start":{"line":64,"column":25},"end":{"line":73,"column":3}},"10":{"start":{"line":68,"column":4},"end":{"line":68,"column":26}},"11":{"start":{"line":69,"column":4},"end":{"line":72,"column":8}},"12":{"start":{"line":69,"column":31},"end":{"line":72,"column":5}},"13":{"start":{"line":75,"column":23},"end":{"line":78,"column":3}},"14":{"start":{"line":76,"column":19},"end":{"line":76,"column":65}},"15":{"start":{"line":77,"column":4},"end":{"line":77,"column":37}},"16":{"start":{"line":80,"column":19},"end":{"line":83,"column":3}},"17":{"start":{"line":81,"column":4},"end":{"line":81,"column":19}},"18":{"start":{"line":82,"column":4},"end":{"line":82,"column":40}},"19":{"start":{"line":85,"column":20},"end":{"line":97,"column":3}},"20":{"start":{"line":87,"column":17},"end":{"line":92,"column":6}},"21":{"start":{"line":94,"column":4},"end":{"line":96,"column":5}},"22":{"start":{"line":95,"column":6},"end":{"line":95,"column":37}},"23":{"start":{"line":99,"column":22},"end":{"line":127,"column":3}},"24":{"start":{"line":100,"column":4},"end":{"line":126,"column":5}},"25":{"start":{"line":101,"column":6},"end":{"line":125,"column":7}},"26":{"start":{"line":102,"column":27},"end":{"line":102,"column":61}},"27":{"start":{"line":104,"column":8},"end":{"line":104,"column":36}},"28":{"start":{"line":106,"column":21},"end":{"line":106,"column":66}},"29":{"start":{"line":108,"column":25},"end":{"line":108,"column":64}},"30":{"start":{"line":110,"column":8},"end":{"line":122,"column":9}},"31":{"start":{"line":111,"column":27},"end":{"line":113,"column":11}},"32":{"start":{"line":112,"column":12},"end":{"line":112,"column":27}},"33":{"start":{"line":115,"column":10},"end":{"line":115,"column":44}},"34":{"start":{"line":116,"column":10},"end":{"line":116,"column":64}},"35":{"start":{"line":117,"column":10},"end":{"line":117,"column":51}},"36":{"start":{"line":118,"column":10},"end":{"line":118,"column":26}},"37":{"start":{"line":120,"column":10},"end":{"line":120,"column":53}},"38":{"start":{"line":121,"column":10},"end":{"line":121,"column":53}},"39":{"start":{"line":124,"column":8},"end":{"line":124,"column":29}},"40":{"start":{"line":129,"column":25},"end":{"line":148,"column":3}},"41":{"start":{"line":130,"column":4},"end":{"line":147,"column":5}},"42":{"start":{"line":131,"column":6},"end":{"line":146,"column":7}},"43":{"start":{"line":132,"column":23},"end":{"line":141,"column":10}},"44":{"start":{"line":143,"column":8},"end":{"line":143,"column":61}},"45":{"start":{"line":145,"column":8},"end":{"line":145,"column":52}},"46":{"start":{"line":150,"column":24},"end":{"line":164,"column":3}},"47":{"start":{"line":151,"column":4},"end":{"line":151,"column":25}},"48":{"start":{"line":152,"column":21},"end":{"line":152,"column":40}},"49":{"start":{"line":153,"column":4},"end":{"line":153,"column":35}},"50":{"start":{"line":154,"column":4},"end":{"line":160,"column":7}},"51":{"start":{"line":161,"column":4},"end":{"line":161,"column":19}},"52":{"start":{"line":162,"column":4},"end":{"line":162,"column":26}},"53":{"start":{"line":163,"column":4},"end":{"line":163,"column":30}},"54":{"start":{"line":167,"column":4},"end":{"line":170,"column":35}},"55":{"start":{"line":172,"column":2},"end":{"line":262,"column":4}},"56":{"start":{"line":182,"column":36},"end":{"line":182,"column":69}},"57":{"start":{"line":192,"column":36},"end":{"line":192,"column":68}},"58":{"start":{"line":212,"column":39},"end":{"line":212,"column":63}},"59":{"start":{"line":212,"column":57},"end":{"line":212,"column":62}},"60":{"start":{"line":243,"column":34},"end":{"line":243,"column":68}},"61":{"start":{"line":265,"column":15},"end":{"line":312,"column":2}}},"fnMap":{"0":{"name":"(anonymous_0)","decl":{"start":{"line":34,"column":23},"end":{"line":34,"column":24}},"loc":{"start":{"line":34,"column":77},"end":{"line":42,"column":1}},"line":34},"1":{"name":"AddScreen","decl":{"start":{"line":52,"column":24},"end":{"line":52,"column":33}},"loc":{"start":{"line":52,"column":36},"end":{"line":263,"column":1}},"line":52},"2":{"name":"(anonymous_2)","decl":{"start":{"line":64,"column":25},"end":{"line":64,"column":26}},"loc":{"start":{"line":67,"column":7},"end":{"line":73,"column":3}},"line":67},"3":{"name":"(anonymous_3)","decl":{"start":{"line":69,"column":16},"end":{"line":69,"column":17}},"loc":{"start":{"line":69,"column":31},"end":{"line":72,"column":5}},"line":69},"4":{"name":"(anonymous_4)","decl":{"start":{"line":75,"column":23},"end":{"line":75,"column":24}},"loc":{"start":{"line":75,"column":29},"end":{"line":78,"column":3}},"line":75},"5":{"name":"(anonymous_5)","decl":{"start":{"line":80,"column":19},"end":{"line":80,"column":20}},"loc":{"start":{"line":80,"column":72},"end":{"line":83,"column":3}},"line":80},"6":{"name":"(anonymous_6)","decl":{"start":{"line":85,"column":20},"end":{"line":85,"column":21}},"loc":{"start":{"line":85,"column":32},"end":{"line":97,"column":3}},"line":85},"7":{"name":"(anonymous_7)","decl":{"start":{"line":99,"column":22},"end":{"line":99,"column":23}},"loc":{"start":{"line":99,"column":34},"end":{"line":127,"column":3}},"line":99},"8":{"name":"(anonymous_8)","decl":{"start":{"line":111,"column":51},"end":{"line":111,"column":52}},"loc":{"start":{"line":112,"column":12},"end":{"line":112,"column":27}},"line":112},"9":{"name":"(anonymous_9)","decl":{"start":{"line":129,"column":25},"end":{"line":129,"column":26}},"loc":{"start":{"line":129,"column":65},"end":{"line":148,"column":3}},"line":129},"10":{"name":"(anonymous_10)","decl":{"start":{"line":150,"column":24},"end":{"line":150,"column":25}},"loc":{"start":{"line":150,"column":36},"end":{"line":164,"column":3}},"line":150},"11":{"name":"(anonymous_11)","decl":{"start":{"line":182,"column":26},"end":{"line":182,"column":27}},"loc":{"start":{"line":182,"column":36},"end":{"line":182,"column":69}},"line":182},"12":{"name":"(anonymous_12)","decl":{"start":{"line":192,"column":26},"end":{"line":192,"column":27}},"loc":{"start":{"line":192,"column":36},"end":{"line":192,"column":68}},"line":192},"13":{"name":"(anonymous_13)","decl":{"start":{"line":212,"column":33},"end":{"line":212,"column":34}},"loc":{"start":{"line":212,"column":39},"end":{"line":212,"column":63}},"line":212},"14":{"name":"(anonymous_14)","decl":{"start":{"line":212,"column":47},"end":{"line":212,"column":48}},"loc":{"start":{"line":212,"column":57},"end":{"line":212,"column":62}},"line":212},"15":{"name":"(anonymous_15)","decl":{"start":{"line":243,"column":22},"end":{"line":243,"column":23}},"loc":{"start":{"line":243,"column":34},"end":{"line":243,"column":68}},"line":243}},"branchMap":{"0":{"loc":{"start":{"line":76,"column":19},"end":{"line":76,"column":65}},"type":"cond-expr","locations":[{"start":{"line":76,"column":48},"end":{"line":76,"column":56}},{"start":{"line":76,"column":59},"end":{"line":76,"column":65}}],"line":76},"1":{"loc":{"start":{"line":94,"column":4},"end":{"line":96,"column":5}},"type":"if","locations":[{"start":{"line":94,"column":4},"end":{"line":96,"column":5}},{"start":{},"end":{}}],"line":94},"2":{"loc":{"start":{"line":100,"column":4},"end":{"line":126,"column":5}},"type":"if","locations":[{"start":{"line":100,"column":4},"end":{"line":126,"column":5}},{"start":{},"end":{}}],"line":100},"3":{"loc":{"start":{"line":130,"column":4},"end":{"line":147,"column":5}},"type":"if","locations":[{"start":{"line":130,"column":4},"end":{"line":147,"column":5}},{"start":{},"end":{}}],"line":130},"4":{"loc":{"start":{"line":167,"column":4},"end":{"line":170,"column":35}},"type":"binary-expr","locations":[{"start":{"line":167,"column":4},"end":{"line":167,"column":40}},{"start":{"line":168,"column":4},"end":{"line":168,"column":39}},{"start":{"line":169,"column":4},"end":{"line":169,"column":51}},{"start":{"line":170,"column":4},"end":{"line":170,"column":35}}],"line":167},"5":{"loc":{"start":{"line":201,"column":26},"end":{"line":201,"column":76}},"type":"cond-expr","locations":[{"start":{"line":201,"column":55},"end":{"line":201,"column":64}},{"start":{"line":201,"column":67},"end":{"line":201,"column":76}}],"line":201},"6":{"loc":{"start":{"line":211,"column":11},"end":{"line":221,"column":11}},"type":"binary-expr","locations":[{"start":{"line":211,"column":11},"end":{"line":211,"column":16}},{"start":{"line":211,"column":20},"end":{"line":211,"column":41}},{"start":{"line":212,"column":12},"end":{"line":220,"column":25}}],"line":211},"7":{"loc":{"start":{"line":214,"column":17},"end":{"line":218,"column":31}},"type":"binary-expr","locations":[{"start":{"line":214,"column":17},"end":{"line":217,"column":66}},{"start":{"line":218,"column":18},"end":{"line":218,"column":31}}],"line":214},"8":{"loc":{"start":{"line":222,"column":11},"end":{"line":231,"column":11}},"type":"binary-expr","locations":[{"start":{"line":222,"column":12},"end":{"line":222,"column":16}},{"start":{"line":222,"column":20},"end":{"line":222,"column":41}},{"start":{"line":223,"column":12},"end":{"line":230,"column":14}}],"line":222},"9":{"loc":{"start":{"line":250,"column":13},"end":{"line":250,"column":76}},"type":"binary-expr","locations":[{"start":{"line":250,"column":13},"end":{"line":250,"column":18}},{"start":{"line":250,"column":22},"end":{"line":250,"column":76}}],"line":250},"10":{"loc":{"start":{"line":257,"column":20},"end":{"line":257,"column":43}},"type":"binary-expr","locations":[{"start":{"line":257,"column":20},"end":{"line":257,"column":28}},{"start":{"line":257,"column":32},"end":{"line":257,"column":43}}],"line":257}},"s":{"0":0,"1":0,"2":0,"3":0,"4":0,"5":0,"6":0,"7":0,"8":0,"9":0,"10":0,"11":0,"12":0,"13":0,"14":0,"15":0,"16":0,"17":0,"18":0,"19":0,"20":0,"21":0,"22":0,"23":0,"24":0,"25":0,"26":0,"27":0,"28":0,"29":0,"30":0,"31":0,"32":0,"33":0,"34":0,"35":0,"36":0,"37":0,"38":0,"39":0,"40":0,"41":0,"42":0,"43":0,"44":0,"45":0,"46":0,"47":0,"48":0,"49":0,"50":0,"51":0,"52":0,"53":0,"54":0,"55":0,"56":0,"57":0,"58":0,"59":0,"60":0,"61":0},"f":{"0":0,"1":0,"2":0,"3":0,"4":0,"5":0,"6":0,"7":0,"8":0,"9":0,"10":0,"11":0,"12":0,"13":0,"14":0,"15":0},"b":{"0":[0,0],"1":[0,0],"2":[0,0],"3":[0,0],"4":[0,0,0,0],"5":[0,0],"6":[0,0,0],"7":[0,0],"8":[0,0,0],"9":[0,0],"10":[0,0]}}
,"/Users/ashutos/Desktop/demo/app/(tabs)/index.tsx": {"path":"/Users/ashutos/Desktop/demo/app/(tabs)/index.tsx","statementMap":{"0":{"start":{"line":22,"column":34},"end":{"line":22,"column":68}},"1":{"start":{"line":23,"column":2},"end":{"line":41,"column":5}},"2":{"start":{"line":24,"column":23},"end":{"line":39,"column":5}},"3":{"start":{"line":25,"column":36},"end":{"line":25,"column":38}},"4":{"start":{"line":26,"column":28},"end":{"line":26,"column":66}},"5":{"start":{"line":27,"column":6},"end":{"line":37,"column":9}},"6":{"start":{"line":28,"column":8},"end":{"line":36,"column":11}},"7":{"start":{"line":38,"column":6},"end":{"line":38,"column":28}},"8":{"start":{"line":40,"column":4},"end":{"line":40,"column":17}},"9":{"start":{"line":43,"column":2},"end":{"line":51,"column":4}},"10":{"start":{"line":48,"column":34},"end":{"line":48,"column":58}},"11":{"start":{"line":54,"column":15},"end":{"line":71,"column":2}}},"fnMap":{"0":{"name":"HomeScreen","decl":{"start":{"line":21,"column":24},"end":{"line":21,"column":34}},"loc":{"start":{"line":21,"column":37},"end":{"line":52,"column":1}},"line":21},"1":{"name":"(anonymous_1)","decl":{"start":{"line":23,"column":17},"end":{"line":23,"column":18}},"loc":{"start":{"line":23,"column":23},"end":{"line":41,"column":3}},"line":23},"2":{"name":"(anonymous_2)","decl":{"start":{"line":24,"column":23},"end":{"line":24,"column":24}},"loc":{"start":{"line":24,"column":35},"end":{"line":39,"column":5}},"line":24},"3":{"name":"(anonymous_3)","decl":{"start":{"line":27,"column":28},"end":{"line":27,"column":29}},"loc":{"start":{"line":27,"column":37},"end":{"line":37,"column":7}},"line":27},"4":{"name":"(anonymous_4)","decl":{"start":{"line":48,"column":20},"end":{"line":48,"column":21}},"loc":{"start":{"line":48,"column":34},"end":{"line":48,"column":58}},"line":48}},"branchMap":{},"s":{"0":0,"1":0,"2":0,"3":0,"4":0,"5":0,"6":0,"7":0,"8":0,"9":0,"10":0,"11":0},"f":{"0":0,"1":0,"2":0,"3":0,"4":0},"b":{}}
,"/Users/ashutos/Desktop/demo/components/HapticTab.tsx": {"path":"/Users/ashutos/Desktop/demo/components/HapticTab.tsx","statementMap":{"0":{"start":{"line":6,"column":2},"end":{"line":17,"column":4}},"1":{"start":{"line":10,"column":8},"end":{"line":13,"column":9}},"2":{"start":{"line":12,"column":10},"end":{"line":12,"column":65}},"3":{"start":{"line":14,"column":8},"end":{"line":14,"column":30}}},"fnMap":{"0":{"name":"HapticTab","decl":{"start":{"line":5,"column":16},"end":{"line":5,"column":25}},"loc":{"start":{"line":5,"column":58},"end":{"line":18,"column":1}},"line":5},"1":{"name":"(anonymous_1)","decl":{"start":{"line":9,"column":17},"end":{"line":9,"column":18}},"loc":{"start":{"line":9,"column":25},"end":{"line":15,"column":7}},"line":9}},"branchMap":{"0":{"loc":{"start":{"line":10,"column":8},"end":{"line":13,"column":9}},"type":"if","locations":[{"start":{"line":10,"column":8},"end":{"line":13,"column":9}},{"start":{},"end":{}}],"line":10}},"s":{"0":0,"1":0,"2":0,"3":0},"f":{"0":0,"1":0},"b":{"0":[0,0]}}
,"/Users/ashutos/Desktop/demo/components/ThemedText.tsx": {"path":"/Users/ashutos/Desktop/demo/components/ThemedText.tsx","statementMap":{"0":{"start":{"line":18,"column":16},"end":{"line":18,"column":77}},"1":{"start":{"line":20,"column":2},"end":{"line":33,"column":4}},"2":{"start":{"line":36,"column":15},"end":{"line":60,"column":2}}},"fnMap":{"0":{"name":"ThemedText","decl":{"start":{"line":11,"column":16},"end":{"line":11,"column":26}},"loc":{"start":{"line":17,"column":20},"end":{"line":34,"column":1}},"line":17}},"branchMap":{"0":{"loc":{"start":{"line":15,"column":2},"end":{"line":15,"column":18}},"type":"default-arg","locations":[{"start":{"line":15,"column":9},"end":{"line":15,"column":18}}],"line":15},"1":{"loc":{"start":{"line":24,"column":8},"end":{"line":24,"column":55}},"type":"cond-expr","locations":[{"start":{"line":24,"column":29},"end":{"line":24,"column":43}},{"start":{"line":24,"column":46},"end":{"line":24,"column":55}}],"line":24},"2":{"loc":{"start":{"line":25,"column":8},"end":{"line":25,"column":51}},"type":"cond-expr","locations":[{"start":{"line":25,"column":27},"end":{"line":25,"column":39}},{"start":{"line":25,"column":42},"end":{"line":25,"column":51}}],"line":25},"3":{"loc":{"start":{"line":26,"column":8},"end":{"line":26,"column":71}},"type":"cond-expr","locations":[{"start":{"line":26,"column":37},"end":{"line":26,"column":59}},{"start":{"line":26,"column":62},"end":{"line":26,"column":71}}],"line":26},"4":{"loc":{"start":{"line":27,"column":8},"end":{"line":27,"column":57}},"type":"cond-expr","locations":[{"start":{"line":27,"column":30},"end":{"line":27,"column":45}},{"start":{"line":27,"column":48},"end":{"line":27,"column":57}}],"line":27},"5":{"loc":{"start":{"line":28,"column":8},"end":{"line":28,"column":49}},"type":"cond-expr","locations":[{"start":{"line":28,"column":26},"end":{"line":28,"column":37}},{"start":{"line":28,"column":40},"end":{"line":28,"column":49}}],"line":28}},"s":{"0":1,"1":1,"2":1},"f":{"0":1},"b":{"0":[1],"1":[1,0],"2":[0,1],"3":[0,1],"4":[0,1],"5":[0,1]},"_coverageSchema":"1a1c01bbd47fc00a2c39e90264f33305004495a9","hash":"4e9050d224482708eaebf732e555e350e2c1a1c9"}
,"/Users/ashutos/Desktop/demo/components/ThemedView.tsx": {"path":"/Users/ashutos/Desktop/demo/components/ThemedView.tsx","statementMap":{"0":{"start":{"line":16,"column":26},"end":{"line":19,"column":3}},"1":{"start":{"line":21,"column":2},"end":{"line":21,"column":71}}},"fnMap":{"0":{"name":"ThemedView","decl":{"start":{"line":10,"column":16},"end":{"line":10,"column":26}},"loc":{"start":{"line":15,"column":20},"end":{"line":22,"column":1}},"line":15}},"branchMap":{},"s":{"0":0,"1":0},"f":{"0":0},"b":{}}
,"/Users/ashutos/Desktop/demo/components/UserCard.tsx": {"path":"/Users/ashutos/Desktop/demo/components/UserCard.tsx","statementMap":{"0":{"start":{"line":20,"column":2},"end":{"line":46,"column":4}},"1":{"start":{"line":49,"column":15},"end":{"line":71,"column":2}}},"fnMap":{"0":{"name":"UserCard","decl":{"start":{"line":19,"column":24},"end":{"line":19,"column":32}},"loc":{"start":{"line":19,"column":58},"end":{"line":47,"column":1}},"line":19}},"branchMap":{},"s":{"0":0,"1":0},"f":{"0":0},"b":{}}
,"/Users/ashutos/Desktop/demo/components/ui/Card.tsx": {"path":"/Users/ashutos/Desktop/demo/components/ui/Card.tsx","statementMap":{"0":{"start":{"line":10,"column":2},"end":{"line":10,"column":53}},"1":{"start":{"line":13,"column":20},"end":{"line":13,"column":50}},"2":{"start":{"line":15,"column":15},"end":{"line":30,"column":2}}},"fnMap":{"0":{"name":"Card","decl":{"start":{"line":9,"column":24},"end":{"line":9,"column":28}},"loc":{"start":{"line":9,"column":54},"end":{"line":11,"column":1}},"line":9}},"branchMap":{"0":{"loc":{"start":{"line":19,"column":15},"end":{"line":19,"column":42}},"type":"cond-expr","locations":[{"start":{"line":19,"column":35},"end":{"line":19,"column":37}},{"start":{"line":19,"column":40},"end":{"line":19,"column":42}}],"line":19}},"s":{"0":0,"1":0,"2":0},"f":{"0":0},"b":{"0":[0,0]}}
,"/Users/ashutos/Desktop/demo/components/ui/IconSymbol.ios.tsx": {"path":"/Users/ashutos/Desktop/demo/components/ui/IconSymbol.ios.tsx","statementMap":{"0":{"start":{"line":17,"column":2},"end":{"line":31,"column":4}}},"fnMap":{"0":{"name":"IconSymbol","decl":{"start":{"line":4,"column":16},"end":{"line":4,"column":26}},"loc":{"start":{"line":16,"column":3},"end":{"line":32,"column":1}},"line":16}},"branchMap":{"0":{"loc":{"start":{"line":6,"column":2},"end":{"line":6,"column":11}},"type":"default-arg","locations":[{"start":{"line":6,"column":9},"end":{"line":6,"column":11}}],"line":6},"1":{"loc":{"start":{"line":9,"column":2},"end":{"line":9,"column":20}},"type":"default-arg","locations":[{"start":{"line":9,"column":11},"end":{"line":9,"column":20}}],"line":9}},"s":{"0":0},"f":{"0":0},"b":{"0":[0],"1":[0]}}
,"/Users/ashutos/Desktop/demo/components/ui/IconSymbol.tsx": {"path":"/Users/ashutos/Desktop/demo/components/ui/IconSymbol.tsx","statementMap":{"0":{"start":{"line":9,"column":16},"end":{"line":20,"column":1}},"1":{"start":{"line":41,"column":2},"end":{"line":48,"column":4}}},"fnMap":{"0":{"name":"IconSymbol","decl":{"start":{"line":29,"column":16},"end":{"line":29,"column":26}},"loc":{"start":{"line":40,"column":3},"end":{"line":49,"column":1}},"line":40}},"branchMap":{"0":{"loc":{"start":{"line":31,"column":2},"end":{"line":31,"column":11}},"type":"default-arg","locations":[{"start":{"line":31,"column":9},"end":{"line":31,"column":11}}],"line":31}},"s":{"0":0,"1":0},"f":{"0":0},"b":{"0":[0]}}
,"/Users/ashutos/Desktop/demo/components/ui/Picker.ios.tsx": {"path":"/Users/ashutos/Desktop/demo/components/ui/Picker.ios.tsx","statementMap":{},"fnMap":{},"branchMap":{},"s":{},"f":{},"b":{}}
,"/Users/ashutos/Desktop/demo/components/ui/TabBarBackground.ios.tsx": {"path":"/Users/ashutos/Desktop/demo/components/ui/TabBarBackground.ios.tsx","statementMap":{"0":{"start":{"line":7,"column":2},"end":{"line":15,"column":4}},"1":{"start":{"line":19,"column":20},"end":{"line":19,"column":43}},"2":{"start":{"line":20,"column":21},"end":{"line":20,"column":40}},"3":{"start":{"line":21,"column":2},"end":{"line":21,"column":28}}},"fnMap":{"0":{"name":"BlurTabBarBackground","decl":{"start":{"line":6,"column":24},"end":{"line":6,"column":44}},"loc":{"start":{"line":6,"column":47},"end":{"line":16,"column":1}},"line":6},"1":{"name":"useBottomTabOverflow","decl":{"start":{"line":18,"column":16},"end":{"line":18,"column":36}},"loc":{"start":{"line":18,"column":39},"end":{"line":22,"column":1}},"line":18}},"branchMap":{},"s":{"0":0,"1":0,"2":0,"3":0},"f":{"0":0,"1":0},"b":{}}
,"/Users/ashutos/Desktop/demo/components/ui/TabBarBackground.tsx": {"path":"/Users/ashutos/Desktop/demo/components/ui/TabBarBackground.tsx","statementMap":{"0":{"start":{"line":5,"column":2},"end":{"line":5,"column":11}}},"fnMap":{"0":{"name":"useBottomTabOverflow","decl":{"start":{"line":4,"column":16},"end":{"line":4,"column":36}},"loc":{"start":{"line":4,"column":39},"end":{"line":6,"column":1}},"line":4}},"branchMap":{},"s":{"0":0},"f":{"0":0},"b":{}}
,"/Users/ashutos/Desktop/demo/constants/Colors.ts": {"path":"/Users/ashutos/Desktop/demo/constants/Colors.ts","statementMap":{"0":{"start":{"line":6,"column":23},"end":{"line":6,"column":32}},"1":{"start":{"line":7,"column":22},"end":{"line":7,"column":28}},"2":{"start":{"line":9,"column":22},"end":{"line":26,"column":1}}},"fnMap":{},"branchMap":{},"s":{"0":1,"1":1,"2":1},"f":{},"b":{},"_coverageSchema":"1a1c01bbd47fc00a2c39e90264f33305004495a9","hash":"a843e502735ac138bca07ba430afb177b4950e27"}
,"/Users/ashutos/Desktop/demo/hooks/useColorScheme.ts": {"path":"/Users/ashutos/Desktop/demo/hooks/useColorScheme.ts","statementMap":{},"fnMap":{},"branchMap":{},"s":{},"f":{},"b":{},"_coverageSchema":"1a1c01bbd47fc00a2c39e90264f33305004495a9","hash":"2ca63d1f42e67444921d291a362b5ddcf2422741"}
,"/Users/ashutos/Desktop/demo/hooks/useColorScheme.web.ts": {"path":"/Users/ashutos/Desktop/demo/hooks/useColorScheme.web.ts","statementMap":{"0":{"start":{"line":8,"column":40},"end":{"line":8,"column":55}},"1":{"start":{"line":10,"column":2},"end":{"line":12,"column":9}},"2":{"start":{"line":11,"column":4},"end":{"line":11,"column":25}},"3":{"start":{"line":14,"column":22},"end":{"line":14,"column":40}},"4":{"start":{"line":16,"column":2},"end":{"line":18,"column":3}},"5":{"start":{"line":17,"column":4},"end":{"line":17,"column":23}},"6":{"start":{"line":20,"column":2},"end":{"line":20,"column":17}}},"fnMap":{"0":{"name":"useColorScheme","decl":{"start":{"line":7,"column":16},"end":{"line":7,"column":30}},"loc":{"start":{"line":7,"column":33},"end":{"line":21,"column":1}},"line":7},"1":{"name":"(anonymous_1)","decl":{"start":{"line":10,"column":12},"end":{"line":10,"column":13}},"loc":{"start":{"line":10,"column":18},"end":{"line":12,"column":3}},"line":10}},"branchMap":{"0":{"loc":{"start":{"line":16,"column":2},"end":{"line":18,"column":3}},"type":"if","locations":[{"start":{"line":16,"column":2},"end":{"line":18,"column":3}},{"start":{},"end":{}}],"line":16}},"s":{"0":0,"1":0,"2":0,"3":0,"4":0,"5":0,"6":0},"f":{"0":0,"1":0},"b":{"0":[0,0]}}
,"/Users/ashutos/Desktop/demo/hooks/useThemeColor.ts": {"path":"/Users/ashutos/Desktop/demo/hooks/useThemeColor.ts","statementMap":{"0":{"start":{"line":13,"column":16},"end":{"line":13,"column":43}},"1":{"start":{"line":14,"column":25},"end":{"line":14,"column":37}},"2":{"start":{"line":16,"column":2},"end":{"line":20,"column":3}},"3":{"start":{"line":17,"column":4},"end":{"line":17,"column":26}},"4":{"start":{"line":19,"column":4},"end":{"line":19,"column":36}}},"fnMap":{"0":{"name":"useThemeColor","decl":{"start":{"line":9,"column":16},"end":{"line":9,"column":29}},"loc":{"start":{"line":12,"column":2},"end":{"line":21,"column":1}},"line":12}},"branchMap":{"0":{"loc":{"start":{"line":13,"column":16},"end":{"line":13,"column":43}},"type":"binary-expr","locations":[{"start":{"line":13,"column":16},"end":{"line":13,"column":32}},{"start":{"line":13,"column":36},"end":{"line":13,"column":43}}],"line":13},"1":{"loc":{"start":{"line":16,"column":2},"end":{"line":20,"column":3}},"type":"if","locations":[{"start":{"line":16,"column":2},"end":{"line":20,"column":3}},{"start":{"line":18,"column":9},"end":{"line":20,"column":3}}],"line":16}},"s":{"0":1,"1":1,"2":1,"3":0,"4":1},"f":{"0":1},"b":{"0":[1,0],"1":[0,1]},"_coverageSchema":"1a1c01bbd47fc00a2c39e90264f33305004495a9","hash":"536f4071f724b24881176d0347a22a4f0b9e234e"}
}
